<?xml version="1.0" encoding="UTF-8"?>
<!-- Generated by org.testng.reporters.JUnitReportReporter -->
<testsuite hostname="ga.local" failures="0" tests="1" name="com.herokuapp.theinternet.PositiveTests" time="2.885" errors="0" timestamp="2021-03-08T20:23:34 EST" skipped="0">
  <testcase classname="com.herokuapp.theinternet.PositiveTests" name="loginTest" time="2.885"/>
  <system-out/>
</testsuite> <!-- com.herokuapp.theinternet.PositiveTests -->
